[09:10:07] [ServerMain/INFO]: Environment: Environment[accountsHost=https://api.mojang.com, sessionHost=https://sessionserver.mojang.com, servicesHost=https://api.minecraftservices.com, name=PROD]
[09:10:09] [ServerMain/INFO]: Loaded 1174 recipes
[09:10:09] [ServerMain/INFO]: Loaded 1271 advancements
[09:10:09] [Server thread/INFO]: Starting minecraft server version 1.20.2
[09:10:09] [Server thread/INFO]: Loading properties
[09:10:09] [Server thread/INFO]: This server is running Purpur version git-Purpur-2095 (MC: 1.20.2) (Implementing API version 1.20.2-R0.1-SNAPSHOT) (Git: 4f12f5d on HEAD)
[09:10:10] [Server thread/INFO]: Server Ping Player Sample Count: 12
[09:10:10] [Server thread/INFO]: Using 4 threads for Netty based IO
[09:10:10] [Server thread/INFO]: [ChunkTaskScheduler] Chunk system is using 1 I/O threads, 1 worker threads, and gen parallelism of 1 threads
[09:10:11] [Server thread/WARN]: [Pufferfish] Will not enable SIMD! These optimizations are only safely supported on Java 17, Java 18, and Java 19.
[09:10:11] [Server thread/INFO]: Default game type: SURVIVAL
[09:10:11] [Server thread/INFO]: Generating keypair
[09:10:11] [Server thread/INFO]: Starting Minecraft server on 0.0.0.0:41177
[09:10:11] [Server thread/INFO]: Using epoll channel type
[09:10:11] [Server thread/INFO]: Paper: Using libdeflate (Linux x86_64) compression from Velocity.
[09:10:11] [Server thread/INFO]: Paper: Using OpenSSL 1.1.x (Linux x86_64) cipher from Velocity.
[09:10:11] [Server thread/INFO]: [SpigotLibraryLoader] [AntiPopup] Loading 1 libraries... please wait
[09:10:11] [Server thread/INFO]: [SpigotLibraryLoader] [AntiPopup] Loaded library /workspaces/private-mc-server/libraries/dev/dejvokep/boosted-yaml-spigot/1.3/boosted-yaml-spigot-1.3.jar
[09:10:12] [Server thread/INFO]: [ViaVersion] Loading server plugin ViaVersion v5.0.1
[09:10:12] [Server thread/INFO]: [ViaVersion] ViaVersion 5.0.1 is now loaded. Registering protocol transformers and injecting...
[09:10:12] [Via-Mappingloader-0/INFO]: [ViaVersion] Loading block connection mappings ...
[09:10:13] [Via-Mappingloader-0/INFO]: [ViaVersion] Using FastUtil Long2ObjectOpenHashMap for block connections
[09:10:13] [Server thread/INFO]: [ViaBackwards] Loading translations...
[09:10:13] [Server thread/INFO]: [ViaBackwards] Registering protocols...
[09:10:13] [Server thread/INFO]: [Vault] Loading server plugin Vault v1.7.3-b131
[09:10:13] [Server thread/INFO]: [ViaBackwards] Loading server plugin ViaBackwards v5.0.1
[09:10:13] [Server thread/INFO]: [WorldEdit] Loading server plugin WorldEdit v7.2.16+6534-2066eb4
[09:10:13] [Server thread/INFO]: Got request to register class com.sk89q.worldedit.bukkit.BukkitServerInterface with WorldEdit [com.sk89q.worldedit.extension.platform.PlatformManager@628ff48f]
[09:10:13] [Server thread/INFO]: [spark] Loading server plugin spark v1.10.73
[09:10:13] [Server thread/INFO]: [AntiPopup] Loading server plugin AntiPopup v7.3
[09:10:14] [Server thread/INFO]: [AntiPopup] Loaded PacketEvents.
[09:10:14] [Server thread/INFO]: [playit-gg] Loading server plugin playit-gg v0.1.4
[09:10:14] [Server thread/INFO]: [Slimefun] Loading server plugin Slimefun vDev - 1148
[09:10:14] [Server thread/INFO]: Server permissions file permissions.yml is empty, ignoring it
[09:10:14] [Server thread/INFO]: [Vault] Enabling Vault v1.7.3-b131
[09:10:14] [Server thread/INFO]: [Vault] [Permission] SuperPermissions loaded as backup permission system.
[09:10:14] [Server thread/INFO]: [Vault] Enabled Version 1.7.3-b131
[09:10:14] [Server thread/INFO]: [WorldEdit] Enabling WorldEdit v7.2.16+6534-2066eb4
[09:10:14] [Server thread/INFO]: Registering commands with com.sk89q.worldedit.bukkit.BukkitServerInterface
[09:10:14] [Server thread/INFO]: WEPIF: Vault detected! Using Vault for permissions
[09:10:14] [Server thread/INFO]: Using com.sk89q.worldedit.bukkit.adapter.impl.v1_20_R2.PaperweightAdapter as the Bukkit adapter
[09:10:15] [Server thread/WARN]: **** SERVER IS RUNNING IN OFFLINE/INSECURE MODE!
[09:10:15] [Server thread/WARN]: The server will make no attempt to authenticate usernames. Beware.
[09:10:15] [Server thread/WARN]: While this makes the game possible to play without internet access, it also opens up the ability for hackers to connect with any username they choose.
[09:10:15] [Server thread/WARN]: To change this, set "online-mode" to "true" in the server.properties file.
[09:10:15] [Server thread/INFO]: Preparing level "world"
[09:10:16] [Server thread/INFO]: Preparing start region for dimension minecraft:overworld
[09:10:17] [Server thread/INFO]: Time elapsed: 255 ms
[09:10:17] [Server thread/INFO]: Preparing start region for dimension minecraft:the_nether
[09:10:17] [Server thread/INFO]: Time elapsed: 75 ms
[09:10:17] [Server thread/INFO]: Preparing start region for dimension minecraft:the_end
[09:10:17] [Server thread/INFO]: Time elapsed: 36 ms
[09:10:17] [Server thread/INFO]: [ViaVersion] Enabling ViaVersion v5.0.1
[09:10:17] [Server thread/INFO]: [ViaVersion] ViaVersion detected server version: 1.20.2 (764)
[09:10:17] [Server thread/INFO]: [ViaBackwards] Enabling ViaBackwards v5.0.1
[09:10:17] [Server thread/INFO]: [spark] Enabling spark v1.10.73
[09:10:17] [Server thread/INFO]: [spark] Using Paper ServerTickStartEvent for tick monitoring
[09:10:17] [Server thread/INFO]: [spark] Starting background profiler...
[09:10:18] [Server thread/INFO]: [AntiPopup] Enabling AntiPopup v7.3
[09:10:18] [Server thread/INFO]: [AntiPopup] Config enabled.
[09:10:18] [Server thread/INFO]: [AntiPopup] Initiated PacketEvents.
[09:10:18] [Server thread/INFO]: [AntiPopup] Hooked on 1.20.2
[09:10:18] [Server thread/INFO]: [AntiPopup] Commands registered.
[09:10:18] [Server thread/INFO]: [AntiPopup] Logger filter enabled.
[09:10:18] [Server thread/INFO]: [playit-gg] Enabling playit-gg v0.1.4
[09:10:18] [Server thread/INFO]: [Slimefun] Enabling Slimefun vDev - 1148
[09:10:18] [Server thread/INFO]: [Slimefun] Paper was detected! Performance optimizations have been applied.
[09:10:18] [Server thread/INFO]: [Slimefun] Creating directories...
[09:10:18] [Thread-9/INFO]: [gg.playit.minecraft.PlayitKeysSetup] secret key found, checking
[09:10:18] [Thread-9/INFO]: [gg.playit.minecraft.PlayitKeysSetup] check secret
[09:10:19] [Server thread/INFO]: [Slimefun] Loading language files...
[09:10:19] [Server thread/INFO]: Environment: Environment[accountsHost=https://api.mojang.com, sessionHost=https://sessionserver.mojang.com, servicesHost=https://api.minecraftservices.com, name=PROD]
[09:10:19] [Server thread/INFO]: [Slimefun] Loaded language "en"
[09:10:19] [Server thread/INFO]: [Slimefun] Available languages: en, de, fr, it, es, ru, pl, uk, sv, nl, da, cs, ro, bg, pt, pt-BR, hu, lv, sk, vi, id, zh-CN, zh-TW, ja, ko, he, ar, tr, fa, th, tl
[09:10:19] [Server thread/INFO]: [Slimefun] Using legacy storage for player data
[09:10:19] [Server thread/INFO]: [Slimefun] Enabled Analytics Service
[09:10:19] [Slimefun Metrics/INFO]: [Slimefun] MetricsModule does not exist, downloading...
[09:10:19] [Server thread/INFO]: [Slimefun] Starting Auto-Updater...
[09:10:19] [Server thread/INFO]: [Slimefun] Loading GEO-Resources...
[09:10:20] [Thread-9/INFO]: [gg.playit.minecraft.PlayitKeysSetup] found minecraft java tunnel: fri-joshua.gl.joinmc.link
[09:10:20] [Thread-9/INFO]: [gg.playit.minecraft.PlayitManager] keys and tunnel setup
[09:10:20] [Slimefun Metrics/INFO]: [Slimefun] # Starting download of MetricsModule build: #29
[09:10:20] [Server thread/INFO]: [Slimefun] Loading Tags...
[09:10:20] [Thread-9/WARN]: [gg.playit.control.ChannelSetup] Got IO error working with :control.playit.gg/2602:fbaf:840:0:0:0:0:1, error : java.net.SocketException: Network is unreachable
[09:10:20] [Server thread/INFO]: [Slimefun] Loading items...
[09:10:20] [Slimefun Metrics/WARN]: [Slimefun] Failed to start metrics as the file could not be downloaded.
[09:10:20] [Thread-9/INFO]: [gg.playit.control.ChannelSetup] request queued, waiting 1 second before resend
[09:10:21] [Server thread/INFO]: [Slimefun] Loading researches...
[09:10:21] [Server thread/INFO]: [Slimefun] Loading Wiki pages...
[09:10:21] [Server thread/INFO]: [Slimefun] Registering listeners...
[09:10:21] [Server thread/INFO]: [Slimefun] Loading Third-Party plugin integrations...
[09:10:21] [Server thread/INFO]: [Slimefun] Hooked into Plugin: WorldEdit v7.2.16+6534-2066eb4
[09:10:21] [Server thread/INFO]: [Slimefun] Slimefun has finished loading in 2.37s
[09:10:21] [Server thread/INFO]: Running delayed init tasks
[09:10:21] [Craft Scheduler Thread - 2 - ViaVersion/INFO]: [ViaVersion] Finished mapping loading, shutting down loader executor!
[09:10:21] [Craft Scheduler Thread - 1 - Vault/INFO]: [Vault] Checking for Updates ... 
[09:10:21] [Server thread/INFO]: [Slimefun] Collecting Snapshots of all Recipes...
[09:10:21] [Server thread/INFO]: [Slimefun] Found 1,174 Recipes!
[09:10:21] [Server thread/INFO]: 
[09:10:21] [Server thread/INFO]: ######################### - Slimefun vDev - 1148 - #########################
[09:10:21] [Server thread/INFO]: 
[09:10:21] [Server thread/INFO]: Successfully loaded 555 Items and 258 Researches
[09:10:21] [Server thread/INFO]: ( 555 Items from Slimefun, 0 Items from 0 Addons )
[09:10:21] [Server thread/INFO]: 
[09:10:21] [Server thread/INFO]: Slimefun is an Open-Source project that is kept alive by a large community.
[09:10:21] [Server thread/INFO]: Consider helping us maintain this project by contributing on GitHub!
[09:10:21] [Server thread/INFO]: 
[09:10:21] [Server thread/INFO]:  - Source Code:  https://github.com/Slimefun/Slimefun4
[09:10:21] [Server thread/INFO]:  - Wiki:         https://github.com/Slimefun/Slimefun4/wiki
[09:10:21] [Server thread/INFO]:  - Addons:       https://github.com/Slimefun/Slimefun4/wiki/Addons
[09:10:21] [Server thread/INFO]:  - Bug Reports:  https://github.com/Slimefun/Slimefun4/issues
[09:10:21] [Server thread/INFO]:  - Discord:      https://discord.gg/slimefun
[09:10:21] [Server thread/INFO]: 
[09:10:21] [Craft Scheduler Thread - 1 - Vault/INFO]: [Vault] No new version available
[09:10:21] [Server thread/INFO]: [Slimefun] Loading Blocks for World "world"
[09:10:21] [Server thread/INFO]: [Slimefun] This may take a long time...
[09:10:21] [Server thread/INFO]: [Slimefun] Loading Blocks... 100% (FINISHED - 3ms)
[09:10:21] [Server thread/INFO]: [Slimefun] Loaded a total of 2 Blocks for World "world"
[09:10:21] [Server thread/INFO]: [Slimefun] Avg: 1.5ms/Block
[09:10:21] [Server thread/INFO]: [Slimefun] Loading Blocks for World "world_nether"
[09:10:21] [Server thread/INFO]: [Slimefun] This may take a long time...
[09:10:21] [Server thread/INFO]: [Slimefun] Loading Blocks... 100% (FINISHED - 0ms)
[09:10:21] [Server thread/INFO]: [Slimefun] Loaded a total of 0 Blocks for World "world_nether"
[09:10:21] [Server thread/INFO]: [Slimefun] Loading Blocks for World "world_the_end"
[09:10:21] [Server thread/INFO]: [Slimefun] This may take a long time...
[09:10:21] [Server thread/INFO]: [Slimefun] Loading Blocks... 100% (FINISHED - 0ms)
[09:10:21] [Server thread/INFO]: [Slimefun] Loaded a total of 0 Blocks for World "world_the_end"
[09:10:21] [Server thread/INFO]: [dough: protection] Loading Protection Modules...
[09:10:21] [Server thread/INFO]: [dough: protection] This may happen more than once.
[09:10:21] [Server thread/INFO]: Done (12.532s)! For help, type "help"
[09:10:22] [Craft Scheduler Thread - 0 - Slimefun/INFO]: [Slimefun] Slimefun is already up to date!
[09:10:59] [Server thread/INFO]: Stopping the server
[09:10:59] [Server thread/INFO]: Stopping server
[09:10:59] [Server thread/INFO]: [Slimefun] Disabling Slimefun vDev - 1148
[09:10:59] [Server thread/INFO]: [Slimefun] Saving block data for world "world" (1 change(s) queued)
[09:10:59] [Server thread/INFO]: [Slimefun] Backed up Slimefun data to: 2024-07-01-09-10.zip
[09:10:59] [Server thread/INFO]: [playit-gg] Disabling playit-gg v0.1.4
[09:10:59] [Server thread/INFO]: [AntiPopup] Disabling AntiPopup v7.3
[09:10:59] [Server thread/INFO]: [AntiPopup] Disabled PacketEvents.
[09:10:59] [Server thread/INFO]: [spark] Disabling spark v1.10.73
[09:10:59] [Server thread/INFO]: [WorldEdit] Disabling WorldEdit v7.2.16+6534-2066eb4
[09:10:59] [Server thread/INFO]: Unregistering com.sk89q.worldedit.bukkit.BukkitServerInterface from WorldEdit
[09:10:59] [Server thread/INFO]: [ViaBackwards] Disabling ViaBackwards v5.0.1
[09:10:59] [Server thread/INFO]: [Vault] Disabling Vault v1.7.3-b131
[09:10:59] [Server thread/INFO]: [ViaVersion] Disabling ViaVersion v5.0.1
[09:10:59] [Server thread/INFO]: [ViaVersion] ViaVersion is disabling, if this is a reload and you experience issues consider rebooting.
[09:10:59] [Craft Scheduler Thread - 3 - Slimefun/WARN]: [Slimefun] Plugin Slimefun vDev - 1148 generated an exception while executing task 18
java.lang.IllegalStateException: Cannot invoke static method, Slimefun instance is null.
	at io.github.thebusybiscuit.slimefun4.implementation.Slimefun.validateInstance(Slimefun.java:731) ~[Slimefun4-Dev.jar:?]
	at io.github.thebusybiscuit.slimefun4.implementation.Slimefun.logger(Slimefun.java:743) ~[Slimefun4-Dev.jar:?]
	at io.github.thebusybiscuit.slimefun4.core.services.github.GitHubTask.requestTexture(GitHubTask.java:115) ~[Slimefun4-Dev.jar:?]
	at io.github.thebusybiscuit.slimefun4.core.services.github.GitHubTask.grabTextures(GitHubTask.java:71) ~[Slimefun4-Dev.jar:?]
	at io.github.thebusybiscuit.slimefun4.core.services.github.GitHubTask.run(GitHubTask.java:51) ~[Slimefun4-Dev.jar:?]
	at org.bukkit.craftbukkit.v1_20_R2.scheduler.CraftTask.run(CraftTask.java:101) ~[purpur-1.20.2.jar:git-Purpur-2095]
	at org.bukkit.craftbukkit.v1_20_R2.scheduler.CraftAsyncTask.run(CraftAsyncTask.java:57) ~[purpur-1.20.2.jar:git-Purpur-2095]
	at com.destroystokyo.paper.ServerSchedulerReportingWrapper.run(ServerSchedulerReportingWrapper.java:22) ~[purpur-1.20.2.jar:?]
	at java.util.concurrent.ThreadPoolExecutor.runWorker(ThreadPoolExecutor.java:1144) ~[?:?]
	at java.util.concurrent.ThreadPoolExecutor$Worker.run(ThreadPoolExecutor.java:642) ~[?:?]
	at java.lang.Thread.run(Thread.java:1583) ~[?:?]
[09:10:59] [Server thread/INFO]: Saving players
[09:10:59] [Server thread/INFO]: Saving worlds
[09:10:59] [Server thread/INFO]: Saving chunks for level 'ServerLevel[world]'/minecraft:overworld
[09:10:59] [Server thread/INFO]: [ChunkHolderManager] Waiting 60s for chunk system to halt for world 'world'
[09:10:59] [Server thread/INFO]: [ChunkHolderManager] Halted chunk system for world 'world'
[09:10:59] [Server thread/INFO]: [ChunkHolderManager] Saving all chunkholders for world 'world'
[09:11:00] [Thread-9/INFO]: [gg.playit.minecraft.PlayitManager] control channel shutdown
[09:11:00] [Server thread/INFO]: [ChunkHolderManager] Saved 529 block chunks, 529 entity chunks, 0 poi chunks in world 'world' in 1.03s
[09:11:00] [Server thread/INFO]: ThreadedAnvilChunkStorage (world): All chunks are saved
[09:11:00] [Server thread/INFO]: Saving chunks for level 'ServerLevel[world_nether]'/minecraft:the_nether
[09:11:00] [Server thread/INFO]: [ChunkHolderManager] Waiting 60s for chunk system to halt for world 'world_nether'
[09:11:00] [Server thread/INFO]: [ChunkHolderManager] Halted chunk system for world 'world_nether'
[09:11:00] [Server thread/INFO]: [ChunkHolderManager] Saving all chunkholders for world 'world_nether'
[09:11:01] [Server thread/INFO]: [ChunkHolderManager] Saved 529 block chunks, 529 entity chunks, 0 poi chunks in world 'world_nether' in 0.64s
[09:11:01] [Server thread/INFO]: ThreadedAnvilChunkStorage (DIM-1): All chunks are saved
[09:11:01] [Server thread/INFO]: Saving chunks for level 'ServerLevel[world_the_end]'/minecraft:the_end
[09:11:01] [Server thread/INFO]: [ChunkHolderManager] Waiting 60s for chunk system to halt for world 'world_the_end'
[09:11:01] [Server thread/INFO]: [ChunkHolderManager] Halted chunk system for world 'world_the_end'
[09:11:01] [Server thread/INFO]: [ChunkHolderManager] Saving all chunkholders for world 'world_the_end'
[09:11:01] [Server thread/INFO]: [ChunkHolderManager] Saved 529 block chunks, 529 entity chunks, 0 poi chunks in world 'world_the_end' in 0.15s
[09:11:02] [Server thread/INFO]: ThreadedAnvilChunkStorage (DIM1): All chunks are saved
[09:11:02] [Server thread/INFO]: ThreadedAnvilChunkStorage: All dimensions are saved
[09:11:02] [Server thread/INFO]: Flushing Chunk IO
[09:11:02] [Server thread/INFO]: Closing Thread Pool
[09:11:02] [Server thread/INFO]: Closing Server
